Press Ctrl+Alt+A to take a screenshot and Ctrl+Alt+M to send them via email...
Press Ctrl+Alt+A to take a screenshot and Ctrl+Alt+M to send them via email...
Press Ctrl+Alt+A to take a screenshot and Ctrl+Alt+M to send them via email...
Screenshot saved as screenshot_1.png
Email sent successfully
Deleted file: screenshot_1.png
Screenshot saved as screenshot_1.png
Email sent successfully
Deleted file: screenshot_1.png
Screenshot saved as screenshot_1.png
Email sent successfully
Deleted file: screenshot_1.png
No screenshots to send
Screenshot saved as screenshot_1.png
Email sent successfully
Deleted file: screenshot_1.png
Press Ctrl+Alt+A to take a screenshot and Ctrl+Alt+M to send them via email...
Screenshot saved as screenshot_1.png
Email sent successfully
Deleted file: screenshot_1.png
Press Ctrl+Alt+A to take a screenshot and Ctrl+Alt+M to send them via email...
Screenshot saved as screenshot_1.png
Email sent successfully
Deleted file: screenshot_1.png
